[2026-02-06T17:44:51.192+0000] {local_task_job_runner.py:123} INFO - ::group::Pre task execution logs
[2026-02-06T17:44:51.201+0000] {taskinstance.py:2612} INFO - Dependencies all met for dep_context=non-requeueable deps ti=<TaskInstance: tp_bigdata_pipeline.ex05_training manual__2026-02-06T17:42:13.260857+00:00 [queued]>
[2026-02-06T17:44:51.206+0000] {taskinstance.py:2612} INFO - Dependencies all met for dep_context=requeueable deps ti=<TaskInstance: tp_bigdata_pipeline.ex05_training manual__2026-02-06T17:42:13.260857+00:00 [queued]>
[2026-02-06T17:44:51.206+0000] {taskinstance.py:2865} INFO - Starting attempt 1 of 1
[2026-02-06T17:44:51.223+0000] {taskinstance.py:2888} INFO - Executing <Task(BashOperator): ex05_training> on 2026-02-06 17:42:13.260857+00:00
[2026-02-06T17:44:51.229+0000] {standard_task_runner.py:72} INFO - Started process 1180 to run task
[2026-02-06T17:44:51.232+0000] {standard_task_runner.py:104} INFO - Running: ['airflow', 'tasks', 'run', 'tp_bigdata_pipeline', 'ex05_training', 'manual__2026-02-06T17:42:13.260857+00:00', '--job-id', '79', '--raw', '--subdir', 'DAGS_FOLDER/airflow_pipeline.py', '--cfg-path', '/tmp/tmpn2nueq4g']
[2026-02-06T17:44:51.233+0000] {standard_task_runner.py:105} INFO - Job 79: Subtask ex05_training
[2026-02-06T17:44:51.268+0000] {task_command.py:467} INFO - Running <TaskInstance: tp_bigdata_pipeline.ex05_training manual__2026-02-06T17:42:13.260857+00:00 [running]> on host 4d21249f976f
[2026-02-06T17:44:51.335+0000] {taskinstance.py:3131} INFO - Exporting env vars: AIRFLOW_CTX_DAG_OWNER='airflow' AIRFLOW_CTX_DAG_ID='tp_bigdata_pipeline' AIRFLOW_CTX_TASK_ID='ex05_training' AIRFLOW_CTX_EXECUTION_DATE='2026-02-06T17:42:13.260857+00:00' AIRFLOW_CTX_TRY_NUMBER='1' AIRFLOW_CTX_DAG_RUN_ID='manual__2026-02-06T17:42:13.260857+00:00'
[2026-02-06T17:44:51.335+0000] {taskinstance.py:731} INFO - ::endgroup::
[2026-02-06T17:44:51.350+0000] {subprocess.py:63} INFO - Tmp dir root location: /tmp
[2026-02-06T17:44:51.351+0000] {subprocess.py:75} INFO - Running command: ['/usr/bin/bash', '-c', 'cd /workspace/ex05_ml_prediction_service && python -m src.train']
[2026-02-06T17:44:51.363+0000] {subprocess.py:86} INFO - Output:
[2026-02-06T17:44:53.604+0000] {subprocess.py:93} INFO - Traceback (most recent call last):
[2026-02-06T17:44:53.604+0000] {subprocess.py:93} INFO -   File "<frozen runpy>", line 198, in _run_module_as_main
[2026-02-06T17:44:53.604+0000] {subprocess.py:93} INFO -   File "<frozen runpy>", line 88, in _run_code
[2026-02-06T17:44:53.604+0000] {subprocess.py:93} INFO -   File "/workspace/ex05_ml_prediction_service/src/train.py", line 22, in <module>
[2026-02-06T17:44:53.604+0000] {subprocess.py:93} INFO -     import lightgbm as lgb
[2026-02-06T17:44:53.604+0000] {subprocess.py:93} INFO -   File "/home/airflow/.local/lib/python3.12/site-packages/lightgbm/__init__.py", line 11, in <module>
[2026-02-06T17:44:53.604+0000] {subprocess.py:93} INFO -     from .basic import Booster, Dataset, Sequence, register_logger
[2026-02-06T17:44:53.604+0000] {subprocess.py:93} INFO -   File "/home/airflow/.local/lib/python3.12/site-packages/lightgbm/basic.py", line 9, in <module>
[2026-02-06T17:44:53.604+0000] {subprocess.py:93} INFO -     from .libpath import _LIB  # isort: skip
[2026-02-06T17:44:53.604+0000] {subprocess.py:93} INFO -     ^^^^^^^^^^^^^^^^^^^^^^^^^
[2026-02-06T17:44:53.605+0000] {subprocess.py:93} INFO -   File "/home/airflow/.local/lib/python3.12/site-packages/lightgbm/libpath.py", line 49, in <module>
[2026-02-06T17:44:53.605+0000] {subprocess.py:93} INFO -     _LIB = ctypes.cdll.LoadLibrary(_find_lib_path()[0])
[2026-02-06T17:44:53.605+0000] {subprocess.py:93} INFO -            ^^^^^^^^^^^^^^^^^^^^^^^^^^^^^^^^^^^^^^^^^^^^
[2026-02-06T17:44:53.605+0000] {subprocess.py:93} INFO -   File "/usr/local/lib/python3.12/ctypes/__init__.py", line 460, in LoadLibrary
[2026-02-06T17:44:53.605+0000] {subprocess.py:93} INFO -     return self._dlltype(name)
[2026-02-06T17:44:53.605+0000] {subprocess.py:93} INFO -            ^^^^^^^^^^^^^^^^^^^
[2026-02-06T17:44:53.605+0000] {subprocess.py:93} INFO -   File "/usr/local/lib/python3.12/ctypes/__init__.py", line 379, in __init__
[2026-02-06T17:44:53.605+0000] {subprocess.py:93} INFO -     self._handle = _dlopen(self._name, mode)
[2026-02-06T17:44:53.605+0000] {subprocess.py:93} INFO -                    ^^^^^^^^^^^^^^^^^^^^^^^^^
[2026-02-06T17:44:53.605+0000] {subprocess.py:93} INFO - OSError: libgomp.so.1: cannot open shared object file: No such file or directory
[2026-02-06T17:44:53.804+0000] {subprocess.py:97} INFO - Command exited with return code 1
[2026-02-06T17:44:53.810+0000] {taskinstance.py:3310} ERROR - Task failed with exception
Traceback (most recent call last):
  File "/home/airflow/.local/lib/python3.12/site-packages/airflow/models/taskinstance.py", line 767, in _execute_task
    result = _execute_callable(context=context, **execute_callable_kwargs)
             ^^^^^^^^^^^^^^^^^^^^^^^^^^^^^^^^^^^^^^^^^^^^^^^^^^^^^^^^^^^^^
  File "/home/airflow/.local/lib/python3.12/site-packages/airflow/models/taskinstance.py", line 733, in _execute_callable
    return ExecutionCallableRunner(
           ^^^^^^^^^^^^^^^^^^^^^^^^
  File "/home/airflow/.local/lib/python3.12/site-packages/airflow/utils/operator_helpers.py", line 252, in run
    return self.func(*args, **kwargs)
           ^^^^^^^^^^^^^^^^^^^^^^^^^^
  File "/home/airflow/.local/lib/python3.12/site-packages/airflow/models/baseoperator.py", line 406, in wrapper
    return func(self, *args, **kwargs)
           ^^^^^^^^^^^^^^^^^^^^^^^^^^^
  File "/home/airflow/.local/lib/python3.12/site-packages/airflow/operators/bash.py", line 249, in execute
    raise AirflowException(
airflow.exceptions.AirflowException: Bash command failed. The command returned a non-zero exit code 1.
[2026-02-06T17:44:53.814+0000] {taskinstance.py:1225} INFO - Marking task as FAILED. dag_id=tp_bigdata_pipeline, task_id=ex05_training, run_id=manual__2026-02-06T17:42:13.260857+00:00, execution_date=20260206T174213, start_date=20260206T174451, end_date=20260206T174453
[2026-02-06T17:44:53.830+0000] {taskinstance.py:340} INFO - ::group::Post task execution logs
[2026-02-06T17:44:53.830+0000] {standard_task_runner.py:124} ERROR - Failed to execute job 79 for task ex05_training (Bash command failed. The command returned a non-zero exit code 1.; 1180)
Traceback (most recent call last):
  File "/home/airflow/.local/lib/python3.12/site-packages/airflow/task/task_runner/standard_task_runner.py", line 117, in _start_by_fork
    ret = args.func(args, dag=self.dag)
          ^^^^^^^^^^^^^^^^^^^^^^^^^^^^^
  File "/home/airflow/.local/lib/python3.12/site-packages/airflow/cli/cli_config.py", line 49, in command
    return func(*args, **kwargs)
           ^^^^^^^^^^^^^^^^^^^^^
  File "/home/airflow/.local/lib/python3.12/site-packages/airflow/utils/cli.py", line 115, in wrapper
    return f(*args, **kwargs)
           ^^^^^^^^^^^^^^^^^^
  File "/home/airflow/.local/lib/python3.12/site-packages/airflow/cli/commands/task_command.py", line 483, in task_run
    task_return_code = _run_task_by_selected_method(args, _dag, ti)
                       ^^^^^^^^^^^^^^^^^^^^^^^^^^^^^^^^^^^^^^^^^^^^
  File "/home/airflow/.local/lib/python3.12/site-packages/airflow/cli/commands/task_command.py", line 256, in _run_task_by_selected_method
    return _run_raw_task(args, ti)
           ^^^^^^^^^^^^^^^^^^^^^^^
  File "/home/airflow/.local/lib/python3.12/site-packages/airflow/cli/commands/task_command.py", line 341, in _run_raw_task
    return ti._run_raw_task(
           ^^^^^^^^^^^^^^^^^
  File "/home/airflow/.local/lib/python3.12/site-packages/airflow/utils/session.py", line 97, in wrapper
    return func(*args, session=session, **kwargs)
           ^^^^^^^^^^^^^^^^^^^^^^^^^^^^^^^^^^^^^^
  File "/home/airflow/.local/lib/python3.12/site-packages/airflow/models/taskinstance.py", line 3004, in _run_raw_task
    return _run_raw_task(
           ^^^^^^^^^^^^^^
  File "/home/airflow/.local/lib/python3.12/site-packages/airflow/models/taskinstance.py", line 273, in _run_raw_task
    TaskInstance._execute_task_with_callbacks(
  File "/home/airflow/.local/lib/python3.12/site-packages/airflow/models/taskinstance.py", line 3158, in _execute_task_with_callbacks
    result = self._execute_task(context, task_orig)
             ^^^^^^^^^^^^^^^^^^^^^^^^^^^^^^^^^^^^^^
  File "/home/airflow/.local/lib/python3.12/site-packages/airflow/models/taskinstance.py", line 3182, in _execute_task
    return _execute_task(self, context, task_orig)
           ^^^^^^^^^^^^^^^^^^^^^^^^^^^^^^^^^^^^^^^
  File "/home/airflow/.local/lib/python3.12/site-packages/airflow/models/taskinstance.py", line 767, in _execute_task
    result = _execute_callable(context=context, **execute_callable_kwargs)
             ^^^^^^^^^^^^^^^^^^^^^^^^^^^^^^^^^^^^^^^^^^^^^^^^^^^^^^^^^^^^^
  File "/home/airflow/.local/lib/python3.12/site-packages/airflow/models/taskinstance.py", line 733, in _execute_callable
    return ExecutionCallableRunner(
           ^^^^^^^^^^^^^^^^^^^^^^^^
  File "/home/airflow/.local/lib/python3.12/site-packages/airflow/utils/operator_helpers.py", line 252, in run
    return self.func(*args, **kwargs)
           ^^^^^^^^^^^^^^^^^^^^^^^^^^
  File "/home/airflow/.local/lib/python3.12/site-packages/airflow/models/baseoperator.py", line 406, in wrapper
    return func(self, *args, **kwargs)
           ^^^^^^^^^^^^^^^^^^^^^^^^^^^
  File "/home/airflow/.local/lib/python3.12/site-packages/airflow/operators/bash.py", line 249, in execute
    raise AirflowException(
airflow.exceptions.AirflowException: Bash command failed. The command returned a non-zero exit code 1.
[2026-02-06T17:44:53.847+0000] {local_task_job_runner.py:266} INFO - Task exited with return code 1
[2026-02-06T17:44:53.860+0000] {taskinstance.py:3900} INFO - 0 downstream tasks scheduled from follow-on schedule check
[2026-02-06T17:44:53.861+0000] {local_task_job_runner.py:245} INFO - ::endgroup::
