[2026-02-06T17:59:42.079+0000] {local_task_job_runner.py:123} INFO - ::group::Pre task execution logs
[2026-02-06T17:59:42.093+0000] {taskinstance.py:2612} INFO - Dependencies all met for dep_context=non-requeueable deps ti=<TaskInstance: tp_bigdata_pipeline.ex05_training manual__2026-02-06T17:57:08.209254+00:00 [queued]>
[2026-02-06T17:59:42.101+0000] {taskinstance.py:2612} INFO - Dependencies all met for dep_context=requeueable deps ti=<TaskInstance: tp_bigdata_pipeline.ex05_training manual__2026-02-06T17:57:08.209254+00:00 [queued]>
[2026-02-06T17:59:42.101+0000] {taskinstance.py:2865} INFO - Starting attempt 1 of 1
[2026-02-06T17:59:42.123+0000] {taskinstance.py:2888} INFO - Executing <Task(BashOperator): ex05_training> on 2026-02-06 17:57:08.209254+00:00
[2026-02-06T17:59:42.130+0000] {standard_task_runner.py:72} INFO - Started process 1231 to run task
[2026-02-06T17:59:42.134+0000] {standard_task_runner.py:104} INFO - Running: ['airflow', 'tasks', 'run', 'tp_bigdata_pipeline', 'ex05_training', 'manual__2026-02-06T17:57:08.209254+00:00', '--job-id', '14', '--raw', '--subdir', 'DAGS_FOLDER/airflow_pipeline.py', '--cfg-path', '/tmp/tmp82nh_bmn']
[2026-02-06T17:59:42.136+0000] {standard_task_runner.py:105} INFO - Job 14: Subtask ex05_training
[2026-02-06T17:59:42.177+0000] {task_command.py:467} INFO - Running <TaskInstance: tp_bigdata_pipeline.ex05_training manual__2026-02-06T17:57:08.209254+00:00 [running]> on host 2bd0f834a775
[2026-02-06T17:59:42.249+0000] {taskinstance.py:3131} INFO - Exporting env vars: AIRFLOW_CTX_DAG_OWNER='airflow' AIRFLOW_CTX_DAG_ID='tp_bigdata_pipeline' AIRFLOW_CTX_TASK_ID='ex05_training' AIRFLOW_CTX_EXECUTION_DATE='2026-02-06T17:57:08.209254+00:00' AIRFLOW_CTX_TRY_NUMBER='1' AIRFLOW_CTX_DAG_RUN_ID='manual__2026-02-06T17:57:08.209254+00:00'
[2026-02-06T17:59:42.250+0000] {taskinstance.py:731} INFO - ::endgroup::
[2026-02-06T17:59:42.263+0000] {subprocess.py:63} INFO - Tmp dir root location: /tmp
[2026-02-06T17:59:42.264+0000] {subprocess.py:75} INFO - Running command: ['/usr/bin/bash', '-c', 'cd /workspace/ex05_ml_prediction_service && python -m src.train']
[2026-02-06T17:59:42.274+0000] {subprocess.py:86} INFO - Output:
[2026-02-06T17:59:44.254+0000] {subprocess.py:93} INFO - INFO:__main__:Chargement des donnees depuis MinIO...
[2026-02-06T17:59:45.490+0000] {subprocess.py:93} INFO - INFO:__main__:Donnees chargees : 3,211,616 lignes.
[2026-02-06T17:59:45.490+0000] {subprocess.py:93} INFO - INFO:__main__:Creation des features...
[2026-02-06T17:59:48.856+0000] {subprocess.py:93} INFO - INFO:__main__:Matrice de features : (3211616, 11)
[2026-02-06T17:59:48.857+0000] {subprocess.py:93} INFO - INFO:__main__:Features utilisees : ['trip_distance', 'PULocationID', 'DOLocationID', 'passenger_count', 'VendorID', 'RatecodeID', 'payment_type', 'store_and_fwd_flag', 'pickup_hour', 'pickup_dayofweek', 'pickup_is_weekend']
[2026-02-06T17:59:49.328+0000] {subprocess.py:93} INFO - INFO:__main__:Train : 2,569,292 lignes, Test : 642,324 lignes
[2026-02-06T17:59:49.328+0000] {subprocess.py:93} INFO - INFO:__main__:Entrainement du modele LightGBM...
[2026-02-06T18:01:23.078+0000] {subprocess.py:93} INFO - INFO:__main__:=== Evaluation du modele ===
[2026-02-06T18:01:23.079+0000] {subprocess.py:93} INFO - INFO:__main__:RMSE : 5.4654  (objectif : < 10.0)
[2026-02-06T18:01:23.079+0000] {subprocess.py:93} INFO - INFO:__main__:MAE  : 2.7214
[2026-02-06T18:01:23.079+0000] {subprocess.py:93} INFO - INFO:__main__:R2   : 0.9479
[2026-02-06T18:01:23.079+0000] {subprocess.py:93} INFO - INFO:__main__:OK : le RMSE est en dessous du seuil de 10.
[2026-02-06T18:01:23.079+0000] {subprocess.py:93} INFO - Traceback (most recent call last):
[2026-02-06T18:01:23.079+0000] {subprocess.py:93} INFO -   File "<frozen runpy>", line 198, in _run_module_as_main
[2026-02-06T18:01:23.080+0000] {subprocess.py:93} INFO -   File "<frozen runpy>", line 88, in _run_code
[2026-02-06T18:01:23.080+0000] {subprocess.py:93} INFO -   File "/workspace/ex05_ml_prediction_service/src/train.py", line 159, in <module>
[2026-02-06T18:01:23.080+0000] {subprocess.py:93} INFO -     main()
[2026-02-06T18:01:23.080+0000] {subprocess.py:93} INFO -   File "/workspace/ex05_ml_prediction_service/src/train.py", line 152, in main
[2026-02-06T18:01:23.080+0000] {subprocess.py:93} INFO -     joblib.dump(model, model_path)
[2026-02-06T18:01:23.080+0000] {subprocess.py:93} INFO -   File "/home/airflow/.local/lib/python3.12/site-packages/joblib/numpy_pickle.py", line 599, in dump
[2026-02-06T18:01:23.080+0000] {subprocess.py:93} INFO -     with open(filename, "wb") as f:
[2026-02-06T18:01:23.080+0000] {subprocess.py:93} INFO -          ^^^^^^^^^^^^^^^^^^^^
[2026-02-06T18:01:23.080+0000] {subprocess.py:93} INFO - PermissionError: [Errno 13] Permission denied: 'models/lgbm_total_amount.joblib'
[2026-02-06T18:01:23.412+0000] {subprocess.py:97} INFO - Command exited with return code 1
[2026-02-06T18:01:23.420+0000] {taskinstance.py:3310} ERROR - Task failed with exception
Traceback (most recent call last):
  File "/home/airflow/.local/lib/python3.12/site-packages/airflow/models/taskinstance.py", line 767, in _execute_task
    result = _execute_callable(context=context, **execute_callable_kwargs)
             ^^^^^^^^^^^^^^^^^^^^^^^^^^^^^^^^^^^^^^^^^^^^^^^^^^^^^^^^^^^^^
  File "/home/airflow/.local/lib/python3.12/site-packages/airflow/models/taskinstance.py", line 733, in _execute_callable
    return ExecutionCallableRunner(
           ^^^^^^^^^^^^^^^^^^^^^^^^
  File "/home/airflow/.local/lib/python3.12/site-packages/airflow/utils/operator_helpers.py", line 252, in run
    return self.func(*args, **kwargs)
           ^^^^^^^^^^^^^^^^^^^^^^^^^^
  File "/home/airflow/.local/lib/python3.12/site-packages/airflow/models/baseoperator.py", line 406, in wrapper
    return func(self, *args, **kwargs)
           ^^^^^^^^^^^^^^^^^^^^^^^^^^^
  File "/home/airflow/.local/lib/python3.12/site-packages/airflow/operators/bash.py", line 249, in execute
    raise AirflowException(
airflow.exceptions.AirflowException: Bash command failed. The command returned a non-zero exit code 1.
[2026-02-06T18:01:23.425+0000] {taskinstance.py:1225} INFO - Marking task as FAILED. dag_id=tp_bigdata_pipeline, task_id=ex05_training, run_id=manual__2026-02-06T17:57:08.209254+00:00, execution_date=20260206T175708, start_date=20260206T175942, end_date=20260206T180123
[2026-02-06T18:01:23.446+0000] {taskinstance.py:340} INFO - ::group::Post task execution logs
[2026-02-06T18:01:23.446+0000] {standard_task_runner.py:124} ERROR - Failed to execute job 14 for task ex05_training (Bash command failed. The command returned a non-zero exit code 1.; 1231)
Traceback (most recent call last):
  File "/home/airflow/.local/lib/python3.12/site-packages/airflow/task/task_runner/standard_task_runner.py", line 117, in _start_by_fork
    ret = args.func(args, dag=self.dag)
          ^^^^^^^^^^^^^^^^^^^^^^^^^^^^^
  File "/home/airflow/.local/lib/python3.12/site-packages/airflow/cli/cli_config.py", line 49, in command
    return func(*args, **kwargs)
           ^^^^^^^^^^^^^^^^^^^^^
  File "/home/airflow/.local/lib/python3.12/site-packages/airflow/utils/cli.py", line 115, in wrapper
    return f(*args, **kwargs)
           ^^^^^^^^^^^^^^^^^^
  File "/home/airflow/.local/lib/python3.12/site-packages/airflow/cli/commands/task_command.py", line 483, in task_run
    task_return_code = _run_task_by_selected_method(args, _dag, ti)
                       ^^^^^^^^^^^^^^^^^^^^^^^^^^^^^^^^^^^^^^^^^^^^
  File "/home/airflow/.local/lib/python3.12/site-packages/airflow/cli/commands/task_command.py", line 256, in _run_task_by_selected_method
    return _run_raw_task(args, ti)
           ^^^^^^^^^^^^^^^^^^^^^^^
  File "/home/airflow/.local/lib/python3.12/site-packages/airflow/cli/commands/task_command.py", line 341, in _run_raw_task
    return ti._run_raw_task(
           ^^^^^^^^^^^^^^^^^
  File "/home/airflow/.local/lib/python3.12/site-packages/airflow/utils/session.py", line 97, in wrapper
    return func(*args, session=session, **kwargs)
           ^^^^^^^^^^^^^^^^^^^^^^^^^^^^^^^^^^^^^^
  File "/home/airflow/.local/lib/python3.12/site-packages/airflow/models/taskinstance.py", line 3004, in _run_raw_task
    return _run_raw_task(
           ^^^^^^^^^^^^^^
  File "/home/airflow/.local/lib/python3.12/site-packages/airflow/models/taskinstance.py", line 273, in _run_raw_task
    TaskInstance._execute_task_with_callbacks(
  File "/home/airflow/.local/lib/python3.12/site-packages/airflow/models/taskinstance.py", line 3158, in _execute_task_with_callbacks
    result = self._execute_task(context, task_orig)
             ^^^^^^^^^^^^^^^^^^^^^^^^^^^^^^^^^^^^^^
  File "/home/airflow/.local/lib/python3.12/site-packages/airflow/models/taskinstance.py", line 3182, in _execute_task
    return _execute_task(self, context, task_orig)
           ^^^^^^^^^^^^^^^^^^^^^^^^^^^^^^^^^^^^^^^
  File "/home/airflow/.local/lib/python3.12/site-packages/airflow/models/taskinstance.py", line 767, in _execute_task
    result = _execute_callable(context=context, **execute_callable_kwargs)
             ^^^^^^^^^^^^^^^^^^^^^^^^^^^^^^^^^^^^^^^^^^^^^^^^^^^^^^^^^^^^^
  File "/home/airflow/.local/lib/python3.12/site-packages/airflow/models/taskinstance.py", line 733, in _execute_callable
    return ExecutionCallableRunner(
           ^^^^^^^^^^^^^^^^^^^^^^^^
  File "/home/airflow/.local/lib/python3.12/site-packages/airflow/utils/operator_helpers.py", line 252, in run
    return self.func(*args, **kwargs)
           ^^^^^^^^^^^^^^^^^^^^^^^^^^
  File "/home/airflow/.local/lib/python3.12/site-packages/airflow/models/baseoperator.py", line 406, in wrapper
    return func(self, *args, **kwargs)
           ^^^^^^^^^^^^^^^^^^^^^^^^^^^
  File "/home/airflow/.local/lib/python3.12/site-packages/airflow/operators/bash.py", line 249, in execute
    raise AirflowException(
airflow.exceptions.AirflowException: Bash command failed. The command returned a non-zero exit code 1.
[2026-02-06T18:01:23.458+0000] {local_task_job_runner.py:266} INFO - Task exited with return code 1
[2026-02-06T18:01:23.467+0000] {taskinstance.py:3900} INFO - 0 downstream tasks scheduled from follow-on schedule check
[2026-02-06T18:01:23.468+0000] {local_task_job_runner.py:245} INFO - ::endgroup::
