[2026-02-06T17:54:41.199+0000] {local_task_job_runner.py:123} INFO - ::group::Pre task execution logs
[2026-02-06T17:54:41.211+0000] {taskinstance.py:2612} INFO - Dependencies all met for dep_context=non-requeueable deps ti=<TaskInstance: tp_bigdata_pipeline.ex05_training manual__2026-02-06T17:51:55.270352+00:00 [queued]>
[2026-02-06T17:54:41.217+0000] {taskinstance.py:2612} INFO - Dependencies all met for dep_context=requeueable deps ti=<TaskInstance: tp_bigdata_pipeline.ex05_training manual__2026-02-06T17:51:55.270352+00:00 [queued]>
[2026-02-06T17:54:41.217+0000] {taskinstance.py:2865} INFO - Starting attempt 1 of 1
[2026-02-06T17:54:41.231+0000] {taskinstance.py:2888} INFO - Executing <Task(BashOperator): ex05_training> on 2026-02-06 17:51:55.270352+00:00
[2026-02-06T17:54:41.239+0000] {standard_task_runner.py:72} INFO - Started process 637 to run task
[2026-02-06T17:54:41.247+0000] {standard_task_runner.py:104} INFO - Running: ['airflow', 'tasks', 'run', 'tp_bigdata_pipeline', 'ex05_training', 'manual__2026-02-06T17:51:55.270352+00:00', '--job-id', '8', '--raw', '--subdir', 'DAGS_FOLDER/airflow_pipeline.py', '--cfg-path', '/tmp/tmpu2f_9wxe']
[2026-02-06T17:54:41.248+0000] {standard_task_runner.py:105} INFO - Job 8: Subtask ex05_training
[2026-02-06T17:54:41.283+0000] {task_command.py:467} INFO - Running <TaskInstance: tp_bigdata_pipeline.ex05_training manual__2026-02-06T17:51:55.270352+00:00 [running]> on host 2bd0f834a775
[2026-02-06T17:54:41.340+0000] {taskinstance.py:3131} INFO - Exporting env vars: AIRFLOW_CTX_DAG_OWNER='airflow' AIRFLOW_CTX_DAG_ID='tp_bigdata_pipeline' AIRFLOW_CTX_TASK_ID='ex05_training' AIRFLOW_CTX_EXECUTION_DATE='2026-02-06T17:51:55.270352+00:00' AIRFLOW_CTX_TRY_NUMBER='1' AIRFLOW_CTX_DAG_RUN_ID='manual__2026-02-06T17:51:55.270352+00:00'
[2026-02-06T17:54:41.340+0000] {taskinstance.py:731} INFO - ::endgroup::
[2026-02-06T17:54:41.355+0000] {subprocess.py:63} INFO - Tmp dir root location: /tmp
[2026-02-06T17:54:41.355+0000] {subprocess.py:75} INFO - Running command: ['/usr/bin/bash', '-c', 'cd /workspace/ex05_ml_prediction_service && python -m src.train']
[2026-02-06T17:54:41.366+0000] {subprocess.py:86} INFO - Output:
[2026-02-06T17:54:43.940+0000] {subprocess.py:93} INFO - INFO:__main__:Chargement des donnees depuis MinIO...
[2026-02-06T17:54:55.311+0000] {subprocess.py:93} INFO - Traceback (most recent call last):
[2026-02-06T17:54:55.312+0000] {subprocess.py:93} INFO -   File "/home/airflow/.local/lib/python3.12/site-packages/urllib3/connection.py", line 196, in _new_conn
[2026-02-06T17:54:55.312+0000] {subprocess.py:93} INFO -     sock = connection.create_connection(
[2026-02-06T17:54:55.312+0000] {subprocess.py:93} INFO -            ^^^^^^^^^^^^^^^^^^^^^^^^^^^^^
[2026-02-06T17:54:55.313+0000] {subprocess.py:93} INFO -   File "/home/airflow/.local/lib/python3.12/site-packages/urllib3/util/connection.py", line 85, in create_connection
[2026-02-06T17:54:55.313+0000] {subprocess.py:93} INFO -     raise err
[2026-02-06T17:54:55.313+0000] {subprocess.py:93} INFO -   File "/home/airflow/.local/lib/python3.12/site-packages/urllib3/util/connection.py", line 73, in create_connection
[2026-02-06T17:54:55.313+0000] {subprocess.py:93} INFO -     sock.connect(sa)
[2026-02-06T17:54:55.313+0000] {subprocess.py:93} INFO - ConnectionRefusedError: [Errno 111] Connection refused
[2026-02-06T17:54:55.313+0000] {subprocess.py:93} INFO - 
[2026-02-06T17:54:55.313+0000] {subprocess.py:93} INFO - The above exception was the direct cause of the following exception:
[2026-02-06T17:54:55.313+0000] {subprocess.py:93} INFO - 
[2026-02-06T17:54:55.313+0000] {subprocess.py:93} INFO - Traceback (most recent call last):
[2026-02-06T17:54:55.313+0000] {subprocess.py:93} INFO -   File "/home/airflow/.local/lib/python3.12/site-packages/botocore/httpsession.py", line 465, in send
[2026-02-06T17:54:55.313+0000] {subprocess.py:93} INFO -     urllib_response = conn.urlopen(
[2026-02-06T17:54:55.313+0000] {subprocess.py:93} INFO -                       ^^^^^^^^^^^^^
[2026-02-06T17:54:55.313+0000] {subprocess.py:93} INFO -   File "/home/airflow/.local/lib/python3.12/site-packages/urllib3/connectionpool.py", line 843, in urlopen
[2026-02-06T17:54:55.314+0000] {subprocess.py:93} INFO -     retries = retries.increment(
[2026-02-06T17:54:55.314+0000] {subprocess.py:93} INFO -               ^^^^^^^^^^^^^^^^^^
[2026-02-06T17:54:55.314+0000] {subprocess.py:93} INFO -   File "/home/airflow/.local/lib/python3.12/site-packages/urllib3/util/retry.py", line 449, in increment
[2026-02-06T17:54:55.314+0000] {subprocess.py:93} INFO -     raise reraise(type(error), error, _stacktrace)
[2026-02-06T17:54:55.314+0000] {subprocess.py:93} INFO -           ^^^^^^^^^^^^^^^^^^^^^^^^^^^^^^^^^^^^^^^^
[2026-02-06T17:54:55.314+0000] {subprocess.py:93} INFO -   File "/home/airflow/.local/lib/python3.12/site-packages/urllib3/util/util.py", line 39, in reraise
[2026-02-06T17:54:55.315+0000] {subprocess.py:93} INFO -     raise value
[2026-02-06T17:54:55.315+0000] {subprocess.py:93} INFO -   File "/home/airflow/.local/lib/python3.12/site-packages/urllib3/connectionpool.py", line 789, in urlopen
[2026-02-06T17:54:55.315+0000] {subprocess.py:93} INFO -     response = self._make_request(
[2026-02-06T17:54:55.315+0000] {subprocess.py:93} INFO -                ^^^^^^^^^^^^^^^^^^^
[2026-02-06T17:54:55.315+0000] {subprocess.py:93} INFO -   File "/home/airflow/.local/lib/python3.12/site-packages/urllib3/connectionpool.py", line 495, in _make_request
[2026-02-06T17:54:55.315+0000] {subprocess.py:93} INFO -     conn.request(
[2026-02-06T17:54:55.315+0000] {subprocess.py:93} INFO -   File "/home/airflow/.local/lib/python3.12/site-packages/botocore/awsrequest.py", line 96, in request
[2026-02-06T17:54:55.315+0000] {subprocess.py:93} INFO -     rval = super().request(method, url, body, headers, *args, **kwargs)
[2026-02-06T17:54:55.315+0000] {subprocess.py:93} INFO -            ^^^^^^^^^^^^^^^^^^^^^^^^^^^^^^^^^^^^^^^^^^^^^^^^^^^^^^^^^^^^
[2026-02-06T17:54:55.315+0000] {subprocess.py:93} INFO -   File "/home/airflow/.local/lib/python3.12/site-packages/urllib3/connection.py", line 398, in request
[2026-02-06T17:54:55.316+0000] {subprocess.py:93} INFO -     self.endheaders()
[2026-02-06T17:54:55.316+0000] {subprocess.py:93} INFO -   File "/usr/local/lib/python3.12/http/client.py", line 1331, in endheaders
[2026-02-06T17:54:55.316+0000] {subprocess.py:93} INFO -     self._send_output(message_body, encode_chunked=encode_chunked)
[2026-02-06T17:54:55.316+0000] {subprocess.py:93} INFO -   File "/home/airflow/.local/lib/python3.12/site-packages/botocore/awsrequest.py", line 123, in _send_output
[2026-02-06T17:54:55.316+0000] {subprocess.py:93} INFO -     self.send(msg)
[2026-02-06T17:54:55.316+0000] {subprocess.py:93} INFO -   File "/home/airflow/.local/lib/python3.12/site-packages/botocore/awsrequest.py", line 223, in send
[2026-02-06T17:54:55.316+0000] {subprocess.py:93} INFO -     return super().send(str)
[2026-02-06T17:54:55.316+0000] {subprocess.py:93} INFO -            ^^^^^^^^^^^^^^^^^
[2026-02-06T17:54:55.316+0000] {subprocess.py:93} INFO -   File "/usr/local/lib/python3.12/http/client.py", line 1035, in send
[2026-02-06T17:54:55.316+0000] {subprocess.py:93} INFO -     self.connect()
[2026-02-06T17:54:55.316+0000] {subprocess.py:93} INFO -   File "/home/airflow/.local/lib/python3.12/site-packages/urllib3/connection.py", line 236, in connect
[2026-02-06T17:54:55.316+0000] {subprocess.py:93} INFO -     self.sock = self._new_conn()
[2026-02-06T17:54:55.317+0000] {subprocess.py:93} INFO -                 ^^^^^^^^^^^^^^^^
[2026-02-06T17:54:55.317+0000] {subprocess.py:93} INFO -   File "/home/airflow/.local/lib/python3.12/site-packages/urllib3/connection.py", line 211, in _new_conn
[2026-02-06T17:54:55.317+0000] {subprocess.py:93} INFO -     raise NewConnectionError(
[2026-02-06T17:54:55.317+0000] {subprocess.py:93} INFO - urllib3.exceptions.NewConnectionError: <botocore.awsrequest.AWSHTTPConnection object at 0x7fe89039ec00>: Failed to establish a new connection: [Errno 111] Connection refused
[2026-02-06T17:54:55.317+0000] {subprocess.py:93} INFO - 
[2026-02-06T17:54:55.317+0000] {subprocess.py:93} INFO - During handling of the above exception, another exception occurred:
[2026-02-06T17:54:55.317+0000] {subprocess.py:93} INFO - 
[2026-02-06T17:54:55.317+0000] {subprocess.py:93} INFO - Traceback (most recent call last):
[2026-02-06T17:54:55.317+0000] {subprocess.py:93} INFO -   File "<frozen runpy>", line 198, in _run_module_as_main
[2026-02-06T17:54:55.317+0000] {subprocess.py:93} INFO -   File "<frozen runpy>", line 88, in _run_code
[2026-02-06T17:54:55.317+0000] {subprocess.py:93} INFO -   File "/workspace/ex05_ml_prediction_service/src/train.py", line 159, in <module>
[2026-02-06T17:54:55.317+0000] {subprocess.py:93} INFO -     main()
[2026-02-06T17:54:55.317+0000] {subprocess.py:93} INFO -   File "/workspace/ex05_ml_prediction_service/src/train.py", line 125, in main
[2026-02-06T17:54:55.317+0000] {subprocess.py:93} INFO -     df = load_clean_data()
[2026-02-06T17:54:55.317+0000] {subprocess.py:93} INFO -          ^^^^^^^^^^^^^^^^^
[2026-02-06T17:54:55.317+0000] {subprocess.py:93} INFO -   File "/workspace/ex05_ml_prediction_service/src/data_loader.py", line 60, in load_clean_data
[2026-02-06T17:54:55.317+0000] {subprocess.py:93} INFO -     response = client.list_objects_v2(
[2026-02-06T17:54:55.318+0000] {subprocess.py:93} INFO -                ^^^^^^^^^^^^^^^^^^^^^^^
[2026-02-06T17:54:55.318+0000] {subprocess.py:93} INFO -   File "/home/airflow/.local/lib/python3.12/site-packages/botocore/client.py", line 602, in _api_call
[2026-02-06T17:54:55.318+0000] {subprocess.py:93} INFO -     return self._make_api_call(operation_name, kwargs)
[2026-02-06T17:54:55.318+0000] {subprocess.py:93} INFO -            ^^^^^^^^^^^^^^^^^^^^^^^^^^^^^^^^^^^^^^^^^^^
[2026-02-06T17:54:55.318+0000] {subprocess.py:93} INFO -   File "/home/airflow/.local/lib/python3.12/site-packages/botocore/context.py", line 123, in wrapper
[2026-02-06T17:54:55.318+0000] {subprocess.py:93} INFO -     return func(*args, **kwargs)
[2026-02-06T17:54:55.318+0000] {subprocess.py:93} INFO -            ^^^^^^^^^^^^^^^^^^^^^
[2026-02-06T17:54:55.318+0000] {subprocess.py:93} INFO -   File "/home/airflow/.local/lib/python3.12/site-packages/botocore/client.py", line 1060, in _make_api_call
[2026-02-06T17:54:55.319+0000] {subprocess.py:93} INFO -     http, parsed_response = self._make_request(
[2026-02-06T17:54:55.319+0000] {subprocess.py:93} INFO -                             ^^^^^^^^^^^^^^^^^^^
[2026-02-06T17:54:55.319+0000] {subprocess.py:93} INFO -   File "/home/airflow/.local/lib/python3.12/site-packages/botocore/client.py", line 1084, in _make_request
[2026-02-06T17:54:55.319+0000] {subprocess.py:93} INFO -     return self._endpoint.make_request(operation_model, request_dict)
[2026-02-06T17:54:55.319+0000] {subprocess.py:93} INFO -            ^^^^^^^^^^^^^^^^^^^^^^^^^^^^^^^^^^^^^^^^^^^^^^^^^^^^^^^^^^
[2026-02-06T17:54:55.319+0000] {subprocess.py:93} INFO -   File "/home/airflow/.local/lib/python3.12/site-packages/botocore/endpoint.py", line 119, in make_request
[2026-02-06T17:54:55.319+0000] {subprocess.py:93} INFO -     return self._send_request(request_dict, operation_model)
[2026-02-06T17:54:55.319+0000] {subprocess.py:93} INFO -            ^^^^^^^^^^^^^^^^^^^^^^^^^^^^^^^^^^^^^^^^^^^^^^^^^
[2026-02-06T17:54:55.319+0000] {subprocess.py:93} INFO -   File "/home/airflow/.local/lib/python3.12/site-packages/botocore/endpoint.py", line 200, in _send_request
[2026-02-06T17:54:55.319+0000] {subprocess.py:93} INFO -     while self._needs_retry(
[2026-02-06T17:54:55.320+0000] {subprocess.py:93} INFO -           ^^^^^^^^^^^^^^^^^^
[2026-02-06T17:54:55.320+0000] {subprocess.py:93} INFO -   File "/home/airflow/.local/lib/python3.12/site-packages/botocore/endpoint.py", line 360, in _needs_retry
[2026-02-06T17:54:55.320+0000] {subprocess.py:93} INFO -     responses = self._event_emitter.emit(
[2026-02-06T17:54:55.320+0000] {subprocess.py:93} INFO -                 ^^^^^^^^^^^^^^^^^^^^^^^^^
[2026-02-06T17:54:55.320+0000] {subprocess.py:93} INFO -   File "/home/airflow/.local/lib/python3.12/site-packages/botocore/hooks.py", line 412, in emit
[2026-02-06T17:54:55.320+0000] {subprocess.py:93} INFO -     return self._emitter.emit(aliased_event_name, **kwargs)
[2026-02-06T17:54:55.320+0000] {subprocess.py:93} INFO -            ^^^^^^^^^^^^^^^^^^^^^^^^^^^^^^^^^^^^^^^^^^^^^^^^
[2026-02-06T17:54:55.320+0000] {subprocess.py:93} INFO -   File "/home/airflow/.local/lib/python3.12/site-packages/botocore/hooks.py", line 256, in emit
[2026-02-06T17:54:55.320+0000] {subprocess.py:93} INFO -     return self._emit(event_name, kwargs)
[2026-02-06T17:54:55.320+0000] {subprocess.py:93} INFO -            ^^^^^^^^^^^^^^^^^^^^^^^^^^^^^^
[2026-02-06T17:54:55.320+0000] {subprocess.py:93} INFO -   File "/home/airflow/.local/lib/python3.12/site-packages/botocore/hooks.py", line 239, in _emit
[2026-02-06T17:54:55.321+0000] {subprocess.py:93} INFO -     response = handler(**kwargs)
[2026-02-06T17:54:55.321+0000] {subprocess.py:93} INFO -                ^^^^^^^^^^^^^^^^^
[2026-02-06T17:54:55.321+0000] {subprocess.py:93} INFO -   File "/home/airflow/.local/lib/python3.12/site-packages/botocore/retryhandler.py", line 207, in __call__
[2026-02-06T17:54:55.321+0000] {subprocess.py:93} INFO -     if self._checker(**checker_kwargs):
[2026-02-06T17:54:55.321+0000] {subprocess.py:93} INFO -        ^^^^^^^^^^^^^^^^^^^^^^^^^^^^^^^
[2026-02-06T17:54:55.321+0000] {subprocess.py:93} INFO -   File "/home/airflow/.local/lib/python3.12/site-packages/botocore/retryhandler.py", line 284, in __call__
[2026-02-06T17:54:55.321+0000] {subprocess.py:93} INFO -     should_retry = self._should_retry(
[2026-02-06T17:54:55.321+0000] {subprocess.py:93} INFO -                    ^^^^^^^^^^^^^^^^^^^
[2026-02-06T17:54:55.321+0000] {subprocess.py:93} INFO -   File "/home/airflow/.local/lib/python3.12/site-packages/botocore/retryhandler.py", line 320, in _should_retry
[2026-02-06T17:54:55.321+0000] {subprocess.py:93} INFO -     return self._checker(attempt_number, response, caught_exception)
[2026-02-06T17:54:55.321+0000] {subprocess.py:93} INFO -            ^^^^^^^^^^^^^^^^^^^^^^^^^^^^^^^^^^^^^^^^^^^^^^^^^^^^^^^^^
[2026-02-06T17:54:55.321+0000] {subprocess.py:93} INFO -   File "/home/airflow/.local/lib/python3.12/site-packages/botocore/retryhandler.py", line 363, in __call__
[2026-02-06T17:54:55.322+0000] {subprocess.py:93} INFO -     checker_response = checker(
[2026-02-06T17:54:55.322+0000] {subprocess.py:93} INFO -                        ^^^^^^^^
[2026-02-06T17:54:55.322+0000] {subprocess.py:93} INFO -   File "/home/airflow/.local/lib/python3.12/site-packages/botocore/retryhandler.py", line 247, in __call__
[2026-02-06T17:54:55.322+0000] {subprocess.py:93} INFO -     return self._check_caught_exception(
[2026-02-06T17:54:55.322+0000] {subprocess.py:93} INFO -            ^^^^^^^^^^^^^^^^^^^^^^^^^^^^^
[2026-02-06T17:54:55.322+0000] {subprocess.py:93} INFO -   File "/home/airflow/.local/lib/python3.12/site-packages/botocore/retryhandler.py", line 416, in _check_caught_exception
[2026-02-06T17:54:55.322+0000] {subprocess.py:93} INFO -     raise caught_exception
[2026-02-06T17:54:55.322+0000] {subprocess.py:93} INFO -   File "/home/airflow/.local/lib/python3.12/site-packages/botocore/endpoint.py", line 279, in _do_get_response
[2026-02-06T17:54:55.322+0000] {subprocess.py:93} INFO -     http_response = self._send(request)
[2026-02-06T17:54:55.322+0000] {subprocess.py:93} INFO -                     ^^^^^^^^^^^^^^^^^^^
[2026-02-06T17:54:55.322+0000] {subprocess.py:93} INFO -   File "/home/airflow/.local/lib/python3.12/site-packages/botocore/endpoint.py", line 383, in _send
[2026-02-06T17:54:55.322+0000] {subprocess.py:93} INFO -     return self.http_session.send(request)
[2026-02-06T17:54:55.323+0000] {subprocess.py:93} INFO -            ^^^^^^^^^^^^^^^^^^^^^^^^^^^^^^^
[2026-02-06T17:54:55.323+0000] {subprocess.py:93} INFO -   File "/home/airflow/.local/lib/python3.12/site-packages/botocore/httpsession.py", line 494, in send
[2026-02-06T17:54:55.323+0000] {subprocess.py:93} INFO -     raise EndpointConnectionError(endpoint_url=request.url, error=e)
[2026-02-06T17:54:55.323+0000] {subprocess.py:93} INFO - botocore.exceptions.EndpointConnectionError: Could not connect to the endpoint URL: "http://localhost:9000/nyc-clean?list-type=2&prefix=yellow_tripdata_2025-05_clean.parquet&encoding-type=url"
[2026-02-06T17:54:55.671+0000] {subprocess.py:97} INFO - Command exited with return code 1
[2026-02-06T17:54:55.679+0000] {taskinstance.py:3310} ERROR - Task failed with exception
Traceback (most recent call last):
  File "/home/airflow/.local/lib/python3.12/site-packages/airflow/models/taskinstance.py", line 767, in _execute_task
    result = _execute_callable(context=context, **execute_callable_kwargs)
             ^^^^^^^^^^^^^^^^^^^^^^^^^^^^^^^^^^^^^^^^^^^^^^^^^^^^^^^^^^^^^
  File "/home/airflow/.local/lib/python3.12/site-packages/airflow/models/taskinstance.py", line 733, in _execute_callable
    return ExecutionCallableRunner(
           ^^^^^^^^^^^^^^^^^^^^^^^^
  File "/home/airflow/.local/lib/python3.12/site-packages/airflow/utils/operator_helpers.py", line 252, in run
    return self.func(*args, **kwargs)
           ^^^^^^^^^^^^^^^^^^^^^^^^^^
  File "/home/airflow/.local/lib/python3.12/site-packages/airflow/models/baseoperator.py", line 406, in wrapper
    return func(self, *args, **kwargs)
           ^^^^^^^^^^^^^^^^^^^^^^^^^^^
  File "/home/airflow/.local/lib/python3.12/site-packages/airflow/operators/bash.py", line 249, in execute
    raise AirflowException(
airflow.exceptions.AirflowException: Bash command failed. The command returned a non-zero exit code 1.
[2026-02-06T17:54:55.683+0000] {taskinstance.py:1225} INFO - Marking task as FAILED. dag_id=tp_bigdata_pipeline, task_id=ex05_training, run_id=manual__2026-02-06T17:51:55.270352+00:00, execution_date=20260206T175155, start_date=20260206T175441, end_date=20260206T175455
[2026-02-06T17:54:55.697+0000] {taskinstance.py:340} INFO - ::group::Post task execution logs
[2026-02-06T17:54:55.697+0000] {standard_task_runner.py:124} ERROR - Failed to execute job 8 for task ex05_training (Bash command failed. The command returned a non-zero exit code 1.; 637)
Traceback (most recent call last):
  File "/home/airflow/.local/lib/python3.12/site-packages/airflow/task/task_runner/standard_task_runner.py", line 117, in _start_by_fork
    ret = args.func(args, dag=self.dag)
          ^^^^^^^^^^^^^^^^^^^^^^^^^^^^^
  File "/home/airflow/.local/lib/python3.12/site-packages/airflow/cli/cli_config.py", line 49, in command
    return func(*args, **kwargs)
           ^^^^^^^^^^^^^^^^^^^^^
  File "/home/airflow/.local/lib/python3.12/site-packages/airflow/utils/cli.py", line 115, in wrapper
    return f(*args, **kwargs)
           ^^^^^^^^^^^^^^^^^^
  File "/home/airflow/.local/lib/python3.12/site-packages/airflow/cli/commands/task_command.py", line 483, in task_run
    task_return_code = _run_task_by_selected_method(args, _dag, ti)
                       ^^^^^^^^^^^^^^^^^^^^^^^^^^^^^^^^^^^^^^^^^^^^
  File "/home/airflow/.local/lib/python3.12/site-packages/airflow/cli/commands/task_command.py", line 256, in _run_task_by_selected_method
    return _run_raw_task(args, ti)
           ^^^^^^^^^^^^^^^^^^^^^^^
  File "/home/airflow/.local/lib/python3.12/site-packages/airflow/cli/commands/task_command.py", line 341, in _run_raw_task
    return ti._run_raw_task(
           ^^^^^^^^^^^^^^^^^
  File "/home/airflow/.local/lib/python3.12/site-packages/airflow/utils/session.py", line 97, in wrapper
    return func(*args, session=session, **kwargs)
           ^^^^^^^^^^^^^^^^^^^^^^^^^^^^^^^^^^^^^^
  File "/home/airflow/.local/lib/python3.12/site-packages/airflow/models/taskinstance.py", line 3004, in _run_raw_task
    return _run_raw_task(
           ^^^^^^^^^^^^^^
  File "/home/airflow/.local/lib/python3.12/site-packages/airflow/models/taskinstance.py", line 273, in _run_raw_task
    TaskInstance._execute_task_with_callbacks(
  File "/home/airflow/.local/lib/python3.12/site-packages/airflow/models/taskinstance.py", line 3158, in _execute_task_with_callbacks
    result = self._execute_task(context, task_orig)
             ^^^^^^^^^^^^^^^^^^^^^^^^^^^^^^^^^^^^^^
  File "/home/airflow/.local/lib/python3.12/site-packages/airflow/models/taskinstance.py", line 3182, in _execute_task
    return _execute_task(self, context, task_orig)
           ^^^^^^^^^^^^^^^^^^^^^^^^^^^^^^^^^^^^^^^
  File "/home/airflow/.local/lib/python3.12/site-packages/airflow/models/taskinstance.py", line 767, in _execute_task
    result = _execute_callable(context=context, **execute_callable_kwargs)
             ^^^^^^^^^^^^^^^^^^^^^^^^^^^^^^^^^^^^^^^^^^^^^^^^^^^^^^^^^^^^^
  File "/home/airflow/.local/lib/python3.12/site-packages/airflow/models/taskinstance.py", line 733, in _execute_callable
    return ExecutionCallableRunner(
           ^^^^^^^^^^^^^^^^^^^^^^^^
  File "/home/airflow/.local/lib/python3.12/site-packages/airflow/utils/operator_helpers.py", line 252, in run
    return self.func(*args, **kwargs)
           ^^^^^^^^^^^^^^^^^^^^^^^^^^
  File "/home/airflow/.local/lib/python3.12/site-packages/airflow/models/baseoperator.py", line 406, in wrapper
    return func(self, *args, **kwargs)
           ^^^^^^^^^^^^^^^^^^^^^^^^^^^
  File "/home/airflow/.local/lib/python3.12/site-packages/airflow/operators/bash.py", line 249, in execute
    raise AirflowException(
airflow.exceptions.AirflowException: Bash command failed. The command returned a non-zero exit code 1.
[2026-02-06T17:54:55.725+0000] {local_task_job_runner.py:266} INFO - Task exited with return code 1
[2026-02-06T17:54:55.735+0000] {taskinstance.py:3900} INFO - 0 downstream tasks scheduled from follow-on schedule check
[2026-02-06T17:54:55.736+0000] {local_task_job_runner.py:245} INFO - ::endgroup::
