[2026-02-06T16:57:21.645+0000] {local_task_job_runner.py:123} INFO - ::group::Pre task execution logs
[2026-02-06T16:57:21.656+0000] {taskinstance.py:2612} INFO - Dependencies all met for dep_context=non-requeueable deps ti=<TaskInstance: tp_bigdata_pipeline.ex02_ingestion manual__2026-02-06T16:56:04.883378+00:00 [queued]>
[2026-02-06T16:57:21.663+0000] {taskinstance.py:2612} INFO - Dependencies all met for dep_context=requeueable deps ti=<TaskInstance: tp_bigdata_pipeline.ex02_ingestion manual__2026-02-06T16:56:04.883378+00:00 [queued]>
[2026-02-06T16:57:21.663+0000] {taskinstance.py:2865} INFO - Starting attempt 1 of 1
[2026-02-06T16:57:21.681+0000] {taskinstance.py:2888} INFO - Executing <Task(BashOperator): ex02_ingestion> on 2026-02-06 16:56:04.883378+00:00
[2026-02-06T16:57:21.685+0000] {standard_task_runner.py:72} INFO - Started process 245 to run task
[2026-02-06T16:57:21.687+0000] {standard_task_runner.py:104} INFO - Running: ['airflow', 'tasks', 'run', 'tp_bigdata_pipeline', 'ex02_ingestion', 'manual__2026-02-06T16:56:04.883378+00:00', '--job-id', '46', '--raw', '--subdir', 'DAGS_FOLDER/airflow_pipeline.py', '--cfg-path', '/tmp/tmp466rh5dn']
[2026-02-06T16:57:21.688+0000] {standard_task_runner.py:105} INFO - Job 46: Subtask ex02_ingestion
[2026-02-06T16:57:21.725+0000] {task_command.py:467} INFO - Running <TaskInstance: tp_bigdata_pipeline.ex02_ingestion manual__2026-02-06T16:56:04.883378+00:00 [running]> on host 4d21249f976f
[2026-02-06T16:57:21.794+0000] {taskinstance.py:3131} INFO - Exporting env vars: AIRFLOW_CTX_DAG_OWNER='airflow' AIRFLOW_CTX_DAG_ID='tp_bigdata_pipeline' AIRFLOW_CTX_TASK_ID='ex02_ingestion' AIRFLOW_CTX_EXECUTION_DATE='2026-02-06T16:56:04.883378+00:00' AIRFLOW_CTX_TRY_NUMBER='1' AIRFLOW_CTX_DAG_RUN_ID='manual__2026-02-06T16:56:04.883378+00:00'
[2026-02-06T16:57:21.794+0000] {taskinstance.py:731} INFO - ::endgroup::
[2026-02-06T16:57:21.808+0000] {subprocess.py:63} INFO - Tmp dir root location: /tmp
[2026-02-06T16:57:21.809+0000] {subprocess.py:75} INFO - Running command: ['/usr/bin/bash', '-c', '\n            set -euo pipefail\n            java --add-exports=java.base/sun.nio.ch=ALL-UNNAMED             --add-exports=java.base/sun.util.calendar=ALL-UNNAMED             -Dlog4j.configurationFile=/workspace/ex02_data_ingestion/src/main/resources/log4j2.properties             -jar /workspace/ex02_data_ingestion/target/scala-2.13/ex02-ingestion-assembly.jar\n        ']
[2026-02-06T16:57:21.815+0000] {subprocess.py:86} INFO - Output:
[2026-02-06T16:57:22.103+0000] {subprocess.py:93} INFO - Error: A JNI error has occurred, please check your installation and try again
[2026-02-06T16:57:22.103+0000] {subprocess.py:93} INFO - Exception in thread "main" java.lang.SecurityException: Invalid signature file digest for Manifest main attributes
[2026-02-06T16:57:22.103+0000] {subprocess.py:93} INFO - 	at java.base/sun.security.util.SignatureFileVerifier.processImpl(SignatureFileVerifier.java:347)
[2026-02-06T16:57:22.104+0000] {subprocess.py:93} INFO - 	at java.base/sun.security.util.SignatureFileVerifier.process(SignatureFileVerifier.java:289)
[2026-02-06T16:57:22.104+0000] {subprocess.py:93} INFO - 	at java.base/java.util.jar.JarVerifier.processEntry(JarVerifier.java:286)
[2026-02-06T16:57:22.104+0000] {subprocess.py:93} INFO - 	at java.base/java.util.jar.JarVerifier.update(JarVerifier.java:242)
[2026-02-06T16:57:22.104+0000] {subprocess.py:93} INFO - 	at java.base/java.util.jar.JarFile.initializeVerifier(JarFile.java:762)
[2026-02-06T16:57:22.104+0000] {subprocess.py:93} INFO - 	at java.base/java.util.jar.JarFile.ensureInitialization(JarFile.java:1038)
[2026-02-06T16:57:22.104+0000] {subprocess.py:93} INFO - 	at java.base/java.util.jar.JavaUtilJarAccessImpl.ensureInitialization(JavaUtilJarAccessImpl.java:72)
[2026-02-06T16:57:22.104+0000] {subprocess.py:93} INFO - 	at java.base/jdk.internal.loader.URLClassPath$JarLoader$2.getManifest(URLClassPath.java:885)
[2026-02-06T16:57:22.104+0000] {subprocess.py:93} INFO - 	at java.base/jdk.internal.loader.BuiltinClassLoader.defineClass(BuiltinClassLoader.java:848)
[2026-02-06T16:57:22.104+0000] {subprocess.py:93} INFO - 	at java.base/jdk.internal.loader.BuiltinClassLoader.findClassOnClassPathOrNull(BuiltinClassLoader.java:760)
[2026-02-06T16:57:22.104+0000] {subprocess.py:93} INFO - 	at java.base/jdk.internal.loader.BuiltinClassLoader.loadClassOrNull(BuiltinClassLoader.java:681)
[2026-02-06T16:57:22.104+0000] {subprocess.py:93} INFO - 	at java.base/jdk.internal.loader.BuiltinClassLoader.loadClass(BuiltinClassLoader.java:639)
[2026-02-06T16:57:22.104+0000] {subprocess.py:93} INFO - 	at java.base/jdk.internal.loader.ClassLoaders$AppClassLoader.loadClass(ClassLoaders.java:188)
[2026-02-06T16:57:22.104+0000] {subprocess.py:93} INFO - 	at java.base/java.lang.ClassLoader.loadClass(ClassLoader.java:525)
[2026-02-06T16:57:22.105+0000] {subprocess.py:93} INFO - 	at java.base/java.lang.Class.forName0(Native Method)
[2026-02-06T16:57:22.105+0000] {subprocess.py:93} INFO - 	at java.base/java.lang.Class.forName(Class.java:469)
[2026-02-06T16:57:22.105+0000] {subprocess.py:93} INFO - 	at java.base/sun.launcher.LauncherHelper.loadMainClass(LauncherHelper.java:811)
[2026-02-06T16:57:22.105+0000] {subprocess.py:93} INFO - 	at java.base/sun.launcher.LauncherHelper.checkAndLoadMain(LauncherHelper.java:706)
[2026-02-06T16:57:22.119+0000] {subprocess.py:97} INFO - Command exited with return code 1
[2026-02-06T16:57:22.125+0000] {taskinstance.py:3310} ERROR - Task failed with exception
Traceback (most recent call last):
  File "/home/airflow/.local/lib/python3.12/site-packages/airflow/models/taskinstance.py", line 767, in _execute_task
    result = _execute_callable(context=context, **execute_callable_kwargs)
             ^^^^^^^^^^^^^^^^^^^^^^^^^^^^^^^^^^^^^^^^^^^^^^^^^^^^^^^^^^^^^
  File "/home/airflow/.local/lib/python3.12/site-packages/airflow/models/taskinstance.py", line 733, in _execute_callable
    return ExecutionCallableRunner(
           ^^^^^^^^^^^^^^^^^^^^^^^^
  File "/home/airflow/.local/lib/python3.12/site-packages/airflow/utils/operator_helpers.py", line 252, in run
    return self.func(*args, **kwargs)
           ^^^^^^^^^^^^^^^^^^^^^^^^^^
  File "/home/airflow/.local/lib/python3.12/site-packages/airflow/models/baseoperator.py", line 406, in wrapper
    return func(self, *args, **kwargs)
           ^^^^^^^^^^^^^^^^^^^^^^^^^^^
  File "/home/airflow/.local/lib/python3.12/site-packages/airflow/operators/bash.py", line 249, in execute
    raise AirflowException(
airflow.exceptions.AirflowException: Bash command failed. The command returned a non-zero exit code 1.
[2026-02-06T16:57:22.129+0000] {taskinstance.py:1225} INFO - Marking task as FAILED. dag_id=tp_bigdata_pipeline, task_id=ex02_ingestion, run_id=manual__2026-02-06T16:56:04.883378+00:00, execution_date=20260206T165604, start_date=20260206T165721, end_date=20260206T165722
[2026-02-06T16:57:22.145+0000] {taskinstance.py:340} INFO - ::group::Post task execution logs
[2026-02-06T16:57:22.145+0000] {standard_task_runner.py:124} ERROR - Failed to execute job 46 for task ex02_ingestion (Bash command failed. The command returned a non-zero exit code 1.; 245)
Traceback (most recent call last):
  File "/home/airflow/.local/lib/python3.12/site-packages/airflow/task/task_runner/standard_task_runner.py", line 117, in _start_by_fork
    ret = args.func(args, dag=self.dag)
          ^^^^^^^^^^^^^^^^^^^^^^^^^^^^^
  File "/home/airflow/.local/lib/python3.12/site-packages/airflow/cli/cli_config.py", line 49, in command
    return func(*args, **kwargs)
           ^^^^^^^^^^^^^^^^^^^^^
  File "/home/airflow/.local/lib/python3.12/site-packages/airflow/utils/cli.py", line 115, in wrapper
    return f(*args, **kwargs)
           ^^^^^^^^^^^^^^^^^^
  File "/home/airflow/.local/lib/python3.12/site-packages/airflow/cli/commands/task_command.py", line 483, in task_run
    task_return_code = _run_task_by_selected_method(args, _dag, ti)
                       ^^^^^^^^^^^^^^^^^^^^^^^^^^^^^^^^^^^^^^^^^^^^
  File "/home/airflow/.local/lib/python3.12/site-packages/airflow/cli/commands/task_command.py", line 256, in _run_task_by_selected_method
    return _run_raw_task(args, ti)
           ^^^^^^^^^^^^^^^^^^^^^^^
  File "/home/airflow/.local/lib/python3.12/site-packages/airflow/cli/commands/task_command.py", line 341, in _run_raw_task
    return ti._run_raw_task(
           ^^^^^^^^^^^^^^^^^
  File "/home/airflow/.local/lib/python3.12/site-packages/airflow/utils/session.py", line 97, in wrapper
    return func(*args, session=session, **kwargs)
           ^^^^^^^^^^^^^^^^^^^^^^^^^^^^^^^^^^^^^^
  File "/home/airflow/.local/lib/python3.12/site-packages/airflow/models/taskinstance.py", line 3004, in _run_raw_task
    return _run_raw_task(
           ^^^^^^^^^^^^^^
  File "/home/airflow/.local/lib/python3.12/site-packages/airflow/models/taskinstance.py", line 273, in _run_raw_task
    TaskInstance._execute_task_with_callbacks(
  File "/home/airflow/.local/lib/python3.12/site-packages/airflow/models/taskinstance.py", line 3158, in _execute_task_with_callbacks
    result = self._execute_task(context, task_orig)
             ^^^^^^^^^^^^^^^^^^^^^^^^^^^^^^^^^^^^^^
  File "/home/airflow/.local/lib/python3.12/site-packages/airflow/models/taskinstance.py", line 3182, in _execute_task
    return _execute_task(self, context, task_orig)
           ^^^^^^^^^^^^^^^^^^^^^^^^^^^^^^^^^^^^^^^
  File "/home/airflow/.local/lib/python3.12/site-packages/airflow/models/taskinstance.py", line 767, in _execute_task
    result = _execute_callable(context=context, **execute_callable_kwargs)
             ^^^^^^^^^^^^^^^^^^^^^^^^^^^^^^^^^^^^^^^^^^^^^^^^^^^^^^^^^^^^^
  File "/home/airflow/.local/lib/python3.12/site-packages/airflow/models/taskinstance.py", line 733, in _execute_callable
    return ExecutionCallableRunner(
           ^^^^^^^^^^^^^^^^^^^^^^^^
  File "/home/airflow/.local/lib/python3.12/site-packages/airflow/utils/operator_helpers.py", line 252, in run
    return self.func(*args, **kwargs)
           ^^^^^^^^^^^^^^^^^^^^^^^^^^
  File "/home/airflow/.local/lib/python3.12/site-packages/airflow/models/baseoperator.py", line 406, in wrapper
    return func(self, *args, **kwargs)
           ^^^^^^^^^^^^^^^^^^^^^^^^^^^
  File "/home/airflow/.local/lib/python3.12/site-packages/airflow/operators/bash.py", line 249, in execute
    raise AirflowException(
airflow.exceptions.AirflowException: Bash command failed. The command returned a non-zero exit code 1.
[2026-02-06T16:57:22.192+0000] {local_task_job_runner.py:266} INFO - Task exited with return code 1
[2026-02-06T16:57:22.207+0000] {taskinstance.py:3900} INFO - 0 downstream tasks scheduled from follow-on schedule check
[2026-02-06T16:57:22.219+0000] {local_task_job_runner.py:245} INFO - ::endgroup::
